0 info it worked if it ends with ok
1 verbose cli [ 'C:\\Program Files\\nodejs\\node.exe',
1 verbose cli   'C:\\Program Files\\nodejs\\node_modules\\npm\\bin\\npm-cli.js',
1 verbose cli   'start' ]
2 info using npm@3.10.10
3 info using node@v6.10.2
4 verbose run-script [ 'prestart', 'start', 'poststart' ]
5 info lifecycle auth@1.0.0~prestart: auth@1.0.0
6 silly lifecycle auth@1.0.0~prestart: no script for prestart, continuing
7 info lifecycle auth@1.0.0~start: auth@1.0.0
8 verbose lifecycle auth@1.0.0~start: unsafe-perm in lifecycle true
9 verbose lifecycle auth@1.0.0~start: PATH: C:\Users\JCerdas\AppData\Roaming\nvm\v6.10.2\node_modules\npm\bin\node-gyp-bin;C:\GitFiles\learning\microservices\ticketing\auth\node_modules\.bin;C:\tools\cmder\vendor\bin;C:\tools\cmder\vendor\git-for-windows\cmd;C:\tools\cmder\vendor\conemu-maximus5\ConEmu\Scripts;C:\tools\cmder\vendor\conemu-maximus5;C:\tools\cmder\vendor\conemu-maximus5\ConEmu;C:\WINDOWS\system32;C:\WINDOWS;C:\WINDOWS\System32\Wbem;C:\WINDOWS\System32\WindowsPowerShell\v1.0\;C:\WINDOWS\System32\OpenSSH\;C:\Program Files\Git\cmd;C:\Program Files\dotnet\;C:\Users\JCerdas\AppData\Roaming\nvm;C:\Program Files\nodejs;C:\Program Files\Microsoft SQL Server\130\Tools\Binn\;C:\Program Files (x86)\GitExtensions\;C:\Program Files\Microsoft SQL Server\Client SDK\ODBC\130\Tools\Binn\;C:\Program Files (x86)\Microsoft SQL Server\130\Tools\Binn\;C:\Program Files\Microsoft SQL Server\130\DTS\Binn\;C:\Program Files (x86)\Microsoft SQL Server\150\DTS\Binn\;C:\tools\flyway;C:\Program Files\NVIDIA Corporation\NVIDIA NvDLISR;C:\Program Files (x86)\NVIDIA Corporation\PhysX\Common;C:\Program Files (x86)\Microsoft SQL Server\110\DTS\Binn\;C:\Program Files (x86)\Microsoft SQL Server\120\DTS\Binn\;C:\Program Files (x86)\Microsoft SQL Server\130\DTS\Binn\;C:\Program Files (x86)\Microsoft SQL Server\140\DTS\Binn\;C:\Program Files\Amazon\AWSCLIV2\;C:\Program Files\PuTTY\;C:\WINDOWS\system32;C:\WINDOWS;C:\WINDOWS\System32\Wbem;C:\WINDOWS\System32\WindowsPowerShell\v1.0\;C:\WINDOWS\System32\OpenSSH\;C:\Program Files\Docker\Docker\resources\bin;C:\ProgramData\DockerDesktop\version-bin;C:\ProgramData\chocolatey\bin;C:\Program Files\MySQL\MySQL Shell 8.0\bin\;C:\Users\JCerdas\AppData\Local\Programs\Python\Launcher\;C:\Users\JCerdas\AppData\Local\Microsoft\WindowsApps;C:\Users\JCerdas\AppData\Local\Programs\Microsoft VS Code\bin;C:\Users\JCerdas\AppData\Roaming\nvm;C:\Program Files\nodejs;C:\Users\JCerdas\AppData\Local\atom\bin;C:\Users\JCerdas\.dotnet\tools;C:\tools\nuget;C:\Users\JCerdas\AppData\Local\Microsoft\WindowsApps;C:\tools\cmder\vendor\git-for-windows\mingw64\bin;C:\tools\cmder\vendor\git-for-windows\usr\bin;C:\tools\cmder
10 verbose lifecycle auth@1.0.0~start: CWD: C:\GitFiles\learning\microservices\ticketing\auth
11 silly lifecycle auth@1.0.0~start: Args: [ '/d /s /c', 'ts-node-dev src/index.ts' ]
12 silly lifecycle auth@1.0.0~start: Returned: code: 1  signal: null
13 info lifecycle auth@1.0.0~start: Failed to exec start script
14 verbose stack Error: auth@1.0.0 start: `ts-node-dev src/index.ts`
14 verbose stack Exit status 1
14 verbose stack     at EventEmitter.<anonymous> (C:\Users\JCerdas\AppData\Roaming\nvm\v6.10.2\node_modules\npm\lib\utils\lifecycle.js:255:16)
14 verbose stack     at emitTwo (events.js:106:13)
14 verbose stack     at EventEmitter.emit (events.js:191:7)
14 verbose stack     at ChildProcess.<anonymous> (C:\Users\JCerdas\AppData\Roaming\nvm\v6.10.2\node_modules\npm\lib\utils\spawn.js:40:14)
14 verbose stack     at emitTwo (events.js:106:13)
14 verbose stack     at ChildProcess.emit (events.js:191:7)
14 verbose stack     at maybeClose (internal/child_process.js:886:16)
14 verbose stack     at Process.ChildProcess._handle.onexit (internal/child_process.js:226:5)
15 verbose pkgid auth@1.0.0
16 verbose cwd C:\GitFiles\learning\microservices\ticketing\auth
17 error Windows_NT 10.0.19041
18 error argv "C:\\Program Files\\nodejs\\node.exe" "C:\\Program Files\\nodejs\\node_modules\\npm\\bin\\npm-cli.js" "start"
19 error node v6.10.2
20 error npm  v3.10.10
21 error code ELIFECYCLE
22 error auth@1.0.0 start: `ts-node-dev src/index.ts`
22 error Exit status 1
23 error Failed at the auth@1.0.0 start script 'ts-node-dev src/index.ts'.
23 error Make sure you have the latest version of node.js and npm installed.
23 error If you do, this is most likely a problem with the auth package,
23 error not with npm itself.
23 error Tell the author that this fails on your system:
23 error     ts-node-dev src/index.ts
23 error You can get information on how to open an issue for this project with:
23 error     npm bugs auth
23 error Or if that isn't available, you can get their info via:
23 error     npm owner ls auth
23 error There is likely additional logging output above.
24 verbose exit [ 1, true ]
